<?xml version="1.0" encoding="UTF-8"?>
<!-- Generated by org.testng.reporters.JUnitXMLReporter -->
<testsuite hostname="DESKTOP-10URQEE" ignored="0" name="Default test" tests="4" failures="0" timestamp="10 Apr 2019 05:58:06 GMT" time="1.326" errors="0">
  <testcase name="openAccountTest" time="0.126" classname="com.w2a.suite.customer.test.OpenAccountTest"/>
  <testcase name="openAccountTest" time="0.149" classname="com.w2a.suite.customer.test.OpenAccountTest"/>
  <testcase name="openAccountTest" time="0.07" classname="com.w2a.suite.customer.test.OpenAccountTest"/>
  <testcase name="openAccountTest" time="0.064" classname="com.w2a.suite.customer.test.OpenAccountTest"/>
</testsuite> <!-- Default test -->
