<?xml version="1.0" encoding="UTF-8"?>
<!-- Generated by org.testng.reporters.JUnitXMLReporter -->
<testsuite hostname="DESKTOP-10URQEE" ignored="0" name="Test" tests="16" failures="0" timestamp="10 Apr 2019 05:08:49 GMT" time="1.235" errors="0">
  <testcase name="addCustomerTest" time="0.014" classname="com.w2a.suite.bankmanager.test.AddCustomerTest"/>
  <testcase name="addCustomerTest" time="0.005" classname="com.w2a.suite.bankmanager.test.AddCustomerTest"/>
  <testcase name="addCustomerTest" time="0.005" classname="com.w2a.suite.bankmanager.test.AddCustomerTest"/>
  <testcase name="addCustomerTest" time="0.003" classname="com.w2a.suite.bankmanager.test.AddCustomerTest"/>
  <testcase name="openAccountTest" time="0.002" classname="com.w2a.suite.bankmanager.test.OpenAccountTest"/>
  <testcase name="openAccountTest" time="0.002" classname="com.w2a.suite.bankmanager.test.OpenAccountTest"/>
  <testcase name="openAccountTest" time="0.003" classname="com.w2a.suite.bankmanager.test.OpenAccountTest"/>
  <testcase name="openAccountTest" time="0.001" classname="com.w2a.suite.bankmanager.test.OpenAccountTest"/>
  <testcase name="addCustomerTest" time="0.006" classname="com.w2a.suite.customer.test.AddCustomerTest"/>
  <testcase name="addCustomerTest" time="0.002" classname="com.w2a.suite.customer.test.AddCustomerTest"/>
  <testcase name="addCustomerTest" time="0.003" classname="com.w2a.suite.customer.test.AddCustomerTest"/>
  <testcase name="addCustomerTest" time="0.002" classname="com.w2a.suite.customer.test.AddCustomerTest"/>
  <testcase name="openAccountTest" time="0.002" classname="com.w2a.suite.customer.test.OpenAccountTest"/>
  <testcase name="openAccountTest" time="0.004" classname="com.w2a.suite.customer.test.OpenAccountTest"/>
  <testcase name="openAccountTest" time="0.004" classname="com.w2a.suite.customer.test.OpenAccountTest"/>
  <testcase name="openAccountTest" time="0.014" classname="com.w2a.suite.customer.test.OpenAccountTest"/>
</testsuite> <!-- Test -->
