<?xml version="1.0" encoding="UTF-8"?>
<!-- Generated by org.testng.reporters.JUnitXMLReporter -->
<testsuite hostname="DESKTOP-10URQEE" ignored="0" name="Add Customer Test" tests="3" failures="0" timestamp="13 Apr 2019 05:20:57 GMT" time="33.946" errors="0">
  <testcase name="addCustomerTest" time="24.221" classname="com.w2a.suite.bankmanager.test.AddCustomerTest"/>
  <testcase name="addCustomerTest" time="24.413" classname="com.w2a.suite.bankmanager.test.AddCustomerTest"/>
  <testcase name="addCustomerTest" time="32.792" classname="com.w2a.suite.bankmanager.test.AddCustomerTest"/>
</testsuite> <!-- Add Customer Test -->
