<?xml version="1.0" encoding="UTF-8"?>
<!-- Generated by org.testng.reporters.JUnitXMLReporter -->
<testsuite hostname="DESKTOP-10URQEE" ignored="0" name="Automation Employee Record Creation Test" tests="2" failures="1" timestamp="04 Apr 2019 05:32:49 GMT" time="0.672" errors="0">
  <testcase name="@BeforeSuite setup" time="9.504" classname="com.test.base.BaseTestClass">
    <failure type="java.lang.NumberFormatException" message="null">
      <![CDATA[java.lang.NumberFormatException: null
at java.lang.Integer.parseInt(Integer.java:542)
at java.lang.Integer.parseInt(Integer.java:615)
at com.test.base.BaseTestClass.setup(BaseTestClass.java:117)
... Removed 20 stack frames]]>
    </failure>
  </testcase> <!-- @BeforeSuite setup -->
  <testcase name="@AfterTest closeBrowser" time="0.0" classname="com.test.base.BaseTestClass">
    <skipped/>
  </testcase> <!-- @AfterTest closeBrowser -->
  <testcase name="automationCheckTest" time="0.0" classname="com.test.testcates.AutomationCheckTest">
    <skipped/>
  </testcase> <!-- automationCheckTest -->
  <testcase name="automationCheckTest" time="0.02" classname="com.test.testcates.AutomationCheckTest">
    <failure type="java.lang.NullPointerException">
      <![CDATA[java.lang.NullPointerException
at com.test.listeners.TestListeners.onTestSkipped(TestListeners.java:50)
... Removed 23 stack frames]]>
    </failure>
  </testcase> <!-- automationCheckTest -->
</testsuite> <!-- Automation Employee Record Creation Test -->
