<?xml version="1.0" encoding="UTF-8"?>
<testng-results skipped="5" failed="0" ignored="0" total="16" passed="11">
  <reporter-output>
  </reporter-output>
  <suite name="Bank Manager Test Suite" duration-ms="1988" started-at="2019-04-10T06:30:54Z" finished-at="2019-04-10T06:30:56Z">
    <groups>
    </groups>
    <test name="Add Customer Test" duration-ms="1480" started-at="2019-04-10T06:30:54Z" finished-at="2019-04-10T06:30:55Z">
      <class name="com.w2a.suite.bankmanager.test.AddCustomerTest">
        <test-method status="PASS" signature="addCustomerTest(java.util.Hashtable)[pri:0, instance:com.w2a.suite.bankmanager.test.AddCustomerTest@7f9a81e8]" name="addCustomerTest" duration-ms="152" started-at="2019-04-10T06:30:55Z" data-provider="bankManagerDP" finished-at="2019-04-10T06:30:55Z">
          <params>
            <param index="0">
              <value>
                <![CDATA[{postcode=147896.0, Runmode=Y, lastname=Pandey, firstname=Rohan}]]>
              </value>
            </param>
          </params>
          <reporter-output>
          </reporter-output>
        </test-method> <!-- addCustomerTest -->
        <test-method status="PASS" signature="addCustomerTest(java.util.Hashtable)[pri:0, instance:com.w2a.suite.bankmanager.test.AddCustomerTest@7f9a81e8]" name="addCustomerTest" duration-ms="104" started-at="2019-04-10T06:30:55Z" data-provider="bankManagerDP" finished-at="2019-04-10T06:30:55Z">
          <params>
            <param index="0">
              <value>
                <![CDATA[{postcode=237941.0, Runmode=Y, lastname=Malhotra, firstname=Manish}]]>
              </value>
            </param>
          </params>
          <reporter-output>
          </reporter-output>
        </test-method> <!-- addCustomerTest -->
        <test-method status="PASS" signature="addCustomerTest(java.util.Hashtable)[pri:0, instance:com.w2a.suite.bankmanager.test.AddCustomerTest@7f9a81e8]" name="addCustomerTest" duration-ms="90" started-at="2019-04-10T06:30:55Z" data-provider="bankManagerDP" finished-at="2019-04-10T06:30:55Z">
          <params>
            <param index="0">
              <value>
                <![CDATA[{postcode=473652.0, Runmode=N, lastname=Singh, firstname=Neethu}]]>
              </value>
            </param>
          </params>
          <reporter-output>
          </reporter-output>
        </test-method> <!-- addCustomerTest -->
        <test-method status="PASS" signature="addCustomerTest(java.util.Hashtable)[pri:0, instance:com.w2a.suite.bankmanager.test.AddCustomerTest@7f9a81e8]" name="addCustomerTest" duration-ms="102" started-at="2019-04-10T06:30:55Z" data-provider="bankManagerDP" finished-at="2019-04-10T06:30:55Z">
          <params>
            <param index="0">
              <value>
                <![CDATA[{postcode=712563.0, Runmode=Y, lastname=Garg, firstname=Abhilash}]]>
              </value>
            </param>
          </params>
          <reporter-output>
          </reporter-output>
        </test-method> <!-- addCustomerTest -->
      </class> <!-- com.w2a.suite.bankmanager.test.AddCustomerTest -->
    </test> <!-- Add Customer Test -->
    <test name="Open Account Test" duration-ms="467" started-at="2019-04-10T06:30:56Z" finished-at="2019-04-10T06:30:56Z">
      <class name="com.w2a.suite.bankmanager.test.OpenAccountTest">
        <test-method status="PASS" signature="openAccountTest(java.util.Hashtable)[pri:0, instance:com.w2a.suite.bankmanager.test.OpenAccountTest@14acaea5]" name="openAccountTest" duration-ms="77" started-at="2019-04-10T06:30:56Z" data-provider="bankManagerDP" finished-at="2019-04-10T06:30:56Z">
          <params>
            <param index="0">
              <value>
                <![CDATA[{currency=Rupee, Runmode=Y, customer=Rohan Pandey}]]>
              </value>
            </param>
          </params>
          <reporter-output>
          </reporter-output>
        </test-method> <!-- openAccountTest -->
        <test-method status="PASS" signature="openAccountTest(java.util.Hashtable)[pri:0, instance:com.w2a.suite.bankmanager.test.OpenAccountTest@14acaea5]" name="openAccountTest" duration-ms="120" started-at="2019-04-10T06:30:56Z" data-provider="bankManagerDP" finished-at="2019-04-10T06:30:56Z">
          <params>
            <param index="0">
              <value>
                <![CDATA[{currency=Dollar, Runmode=Y, customer=Manish Malhotra}]]>
              </value>
            </param>
          </params>
          <reporter-output>
          </reporter-output>
        </test-method> <!-- openAccountTest -->
        <test-method status="PASS" signature="openAccountTest(java.util.Hashtable)[pri:0, instance:com.w2a.suite.bankmanager.test.OpenAccountTest@14acaea5]" name="openAccountTest" duration-ms="83" started-at="2019-04-10T06:30:56Z" data-provider="bankManagerDP" finished-at="2019-04-10T06:30:56Z">
          <params>
            <param index="0">
              <value>
                <![CDATA[{currency=Rupee, Runmode=N, customer=Neethu Singh}]]>
              </value>
            </param>
          </params>
          <reporter-output>
          </reporter-output>
        </test-method> <!-- openAccountTest -->
        <test-method status="PASS" signature="openAccountTest(java.util.Hashtable)[pri:0, instance:com.w2a.suite.bankmanager.test.OpenAccountTest@14acaea5]" name="openAccountTest" duration-ms="73" started-at="2019-04-10T06:30:56Z" data-provider="bankManagerDP" finished-at="2019-04-10T06:30:56Z">
          <params>
            <param index="0">
              <value>
                <![CDATA[{currency=Rupee, Runmode=Y, customer=Abhilash Garg}]]>
              </value>
            </param>
          </params>
          <reporter-output>
          </reporter-output>
        </test-method> <!-- openAccountTest -->
      </class> <!-- com.w2a.suite.bankmanager.test.OpenAccountTest -->
    </test> <!-- Open Account Test -->
  </suite> <!-- Bank Manager Test Suite -->
  <suite name="Customer Test Suite" duration-ms="1220" started-at="2019-04-10T06:30:56Z" finished-at="2019-04-10T06:30:57Z">
    <groups>
    </groups>
    <test name="Add Customer Test" duration-ms="847" started-at="2019-04-10T06:30:56Z" finished-at="2019-04-10T06:30:57Z">
      <class name="com.w2a.suite.customer.test.AddCustomerTest">
        <test-method status="PASS" signature="addCustomerTest(java.util.Hashtable)[pri:0, instance:com.w2a.suite.customer.test.AddCustomerTest@61832929]" name="addCustomerTest" duration-ms="243" started-at="2019-04-10T06:30:56Z" data-provider="customerTestDP" finished-at="2019-04-10T06:30:56Z">
          <params>
            <param index="0">
              <value>
                <![CDATA[{postcode=147896.0, Runmode=Y, lastname=Pandey, firstname=Rohan}]]>
              </value>
            </param>
          </params>
          <reporter-output>
          </reporter-output>
        </test-method> <!-- addCustomerTest -->
        <test-method status="PASS" signature="addCustomerTest(java.util.Hashtable)[pri:0, instance:com.w2a.suite.customer.test.AddCustomerTest@61832929]" name="addCustomerTest" duration-ms="222" started-at="2019-04-10T06:30:56Z" data-provider="customerTestDP" finished-at="2019-04-10T06:30:57Z">
          <params>
            <param index="0">
              <value>
                <![CDATA[{postcode=237941.0, Runmode=Y, lastname=Malhotra, firstname=Manish}]]>
              </value>
            </param>
          </params>
          <reporter-output>
          </reporter-output>
        </test-method> <!-- addCustomerTest -->
        <test-method status="SKIP" signature="addCustomerTest(java.util.Hashtable)[pri:0, instance:com.w2a.suite.customer.test.AddCustomerTest@61832929]" name="addCustomerTest" duration-ms="174" started-at="2019-04-10T06:30:57Z" data-provider="customerTestDP" finished-at="2019-04-10T06:30:57Z">
          <params>
            <param index="0">
              <value>
                <![CDATA[{postcode=473652.0, Runmode=N, lastname=Singh, firstname=Neethu}]]>
              </value>
            </param>
          </params>
          <exception class="org.testng.SkipException">
            <message>
              <![CDATA[Skipping the test AddCustomerTest As the the Runmode is: No]]>
            </message>
            <full-stacktrace>
              <![CDATA[org.testng.SkipException: Skipping the test AddCustomerTest As the the Runmode is: No
at com.w2a.utilities.DataUtil.checkExecution(DataUtil.java:27)
at com.w2a.suite.customer.test.AddCustomerTest.addCustomerTest(AddCustomerTest.java:18)
at sun.reflect.NativeMethodAccessorImpl.invoke0(Native Method)
at sun.reflect.NativeMethodAccessorImpl.invoke(NativeMethodAccessorImpl.java:62)
at sun.reflect.DelegatingMethodAccessorImpl.invoke(DelegatingMethodAccessorImpl.java:43)
at java.lang.reflect.Method.invoke(Method.java:498)
at org.testng.internal.MethodInvocationHelper.invokeMethod(MethodInvocationHelper.java:124)
at org.testng.internal.Invoker.invokeMethod(Invoker.java:583)
at org.testng.internal.Invoker.invokeTestMethod(Invoker.java:719)
at org.testng.internal.Invoker.invokeTestMethods(Invoker.java:989)
at org.testng.internal.TestMethodWorker.invokeTestMethods(TestMethodWorker.java:125)
at org.testng.internal.TestMethodWorker.run(TestMethodWorker.java:109)
at org.testng.TestRunner.privateRun(TestRunner.java:648)
at org.testng.TestRunner.run(TestRunner.java:505)
at org.testng.SuiteRunner.runTest(SuiteRunner.java:455)
at org.testng.SuiteRunner.runSequentially(SuiteRunner.java:450)
at org.testng.SuiteRunner.privateRun(SuiteRunner.java:415)
at org.testng.SuiteRunner.run(SuiteRunner.java:364)
at org.testng.SuiteRunnerWorker.runSuite(SuiteRunnerWorker.java:52)
at org.testng.SuiteRunnerWorker.run(SuiteRunnerWorker.java:84)
at org.testng.TestNG.runSuitesSequentially(TestNG.java:1208)
at org.testng.TestNG.runSuitesSequentially(TestNG.java:1204)
at org.testng.TestNG.runSuitesLocally(TestNG.java:1137)
at org.testng.TestNG.runSuites(TestNG.java:1049)
at org.testng.TestNG.run(TestNG.java:1017)
at org.testng.remote.AbstractRemoteTestNG.run(AbstractRemoteTestNG.java:115)
at org.testng.remote.RemoteTestNG.initAndRun(RemoteTestNG.java:251)
at org.testng.remote.RemoteTestNG.main(RemoteTestNG.java:77)
]]>
            </full-stacktrace>
          </exception> <!-- org.testng.SkipException -->
          <reporter-output>
          </reporter-output>
        </test-method> <!-- addCustomerTest -->
        <test-method status="PASS" signature="addCustomerTest(java.util.Hashtable)[pri:0, instance:com.w2a.suite.customer.test.AddCustomerTest@61832929]" name="addCustomerTest" duration-ms="87" started-at="2019-04-10T06:30:57Z" data-provider="customerTestDP" finished-at="2019-04-10T06:30:57Z">
          <params>
            <param index="0">
              <value>
                <![CDATA[{postcode=712563.0, Runmode=Y, lastname=Garg, firstname=Abhilash}]]>
              </value>
            </param>
          </params>
          <reporter-output>
          </reporter-output>
        </test-method> <!-- addCustomerTest -->
      </class> <!-- com.w2a.suite.customer.test.AddCustomerTest -->
    </test> <!-- Add Customer Test -->
    <test name="Open Account Test" duration-ms="335" started-at="2019-04-10T06:30:57Z" finished-at="2019-04-10T06:30:57Z">
      <class name="com.w2a.suite.customer.test.OpenAccountTest">
        <test-method status="SKIP" signature="openAccountTest(java.util.Hashtable)[pri:0, instance:com.w2a.suite.customer.test.OpenAccountTest@27efef64]" name="openAccountTest" duration-ms="75" started-at="2019-04-10T06:30:57Z" data-provider="customerTestDP" finished-at="2019-04-10T06:30:57Z">
          <params>
            <param index="0">
              <value>
                <![CDATA[{currency=Rupee, Runmode=N, customer=Rohan Pandey}]]>
              </value>
            </param>
          </params>
          <exception class="org.testng.SkipException">
            <message>
              <![CDATA[Skipping the test OpenAccountTest as the Runmode of the Test Suite CustomerTestSuite is: No ]]>
            </message>
            <full-stacktrace>
              <![CDATA[org.testng.SkipException: Skipping the test OpenAccountTest as the Runmode of the Test Suite CustomerTestSuite is: No 
at com.w2a.utilities.DataUtil.checkExecution(DataUtil.java:15)
at com.w2a.suite.customer.test.OpenAccountTest.openAccountTest(OpenAccountTest.java:18)
at sun.reflect.NativeMethodAccessorImpl.invoke0(Native Method)
at sun.reflect.NativeMethodAccessorImpl.invoke(NativeMethodAccessorImpl.java:62)
at sun.reflect.DelegatingMethodAccessorImpl.invoke(DelegatingMethodAccessorImpl.java:43)
at java.lang.reflect.Method.invoke(Method.java:498)
at org.testng.internal.MethodInvocationHelper.invokeMethod(MethodInvocationHelper.java:124)
at org.testng.internal.Invoker.invokeMethod(Invoker.java:583)
at org.testng.internal.Invoker.invokeTestMethod(Invoker.java:719)
at org.testng.internal.Invoker.invokeTestMethods(Invoker.java:989)
at org.testng.internal.TestMethodWorker.invokeTestMethods(TestMethodWorker.java:125)
at org.testng.internal.TestMethodWorker.run(TestMethodWorker.java:109)
at org.testng.TestRunner.privateRun(TestRunner.java:648)
at org.testng.TestRunner.run(TestRunner.java:505)
at org.testng.SuiteRunner.runTest(SuiteRunner.java:455)
at org.testng.SuiteRunner.runSequentially(SuiteRunner.java:450)
at org.testng.SuiteRunner.privateRun(SuiteRunner.java:415)
at org.testng.SuiteRunner.run(SuiteRunner.java:364)
at org.testng.SuiteRunnerWorker.runSuite(SuiteRunnerWorker.java:52)
at org.testng.SuiteRunnerWorker.run(SuiteRunnerWorker.java:84)
at org.testng.TestNG.runSuitesSequentially(TestNG.java:1208)
at org.testng.TestNG.runSuitesSequentially(TestNG.java:1204)
at org.testng.TestNG.runSuitesLocally(TestNG.java:1137)
at org.testng.TestNG.runSuites(TestNG.java:1049)
at org.testng.TestNG.run(TestNG.java:1017)
at org.testng.remote.AbstractRemoteTestNG.run(AbstractRemoteTestNG.java:115)
at org.testng.remote.RemoteTestNG.initAndRun(RemoteTestNG.java:251)
at org.testng.remote.RemoteTestNG.main(RemoteTestNG.java:77)
]]>
            </full-stacktrace>
          </exception> <!-- org.testng.SkipException -->
          <reporter-output>
          </reporter-output>
        </test-method> <!-- openAccountTest -->
        <test-method status="SKIP" signature="openAccountTest(java.util.Hashtable)[pri:0, instance:com.w2a.suite.customer.test.OpenAccountTest@27efef64]" name="openAccountTest" duration-ms="77" started-at="2019-04-10T06:30:57Z" data-provider="customerTestDP" finished-at="2019-04-10T06:30:57Z">
          <params>
            <param index="0">
              <value>
                <![CDATA[{currency=Dollar, Runmode=Y, customer=Manish Malhotra}]]>
              </value>
            </param>
          </params>
          <exception class="org.testng.SkipException">
            <message>
              <![CDATA[Skipping the test OpenAccountTest as the Runmode of the Test Suite CustomerTestSuite is: No ]]>
            </message>
            <full-stacktrace>
              <![CDATA[org.testng.SkipException: Skipping the test OpenAccountTest as the Runmode of the Test Suite CustomerTestSuite is: No 
at com.w2a.utilities.DataUtil.checkExecution(DataUtil.java:15)
at com.w2a.suite.customer.test.OpenAccountTest.openAccountTest(OpenAccountTest.java:18)
at sun.reflect.NativeMethodAccessorImpl.invoke0(Native Method)
at sun.reflect.NativeMethodAccessorImpl.invoke(NativeMethodAccessorImpl.java:62)
at sun.reflect.DelegatingMethodAccessorImpl.invoke(DelegatingMethodAccessorImpl.java:43)
at java.lang.reflect.Method.invoke(Method.java:498)
at org.testng.internal.MethodInvocationHelper.invokeMethod(MethodInvocationHelper.java:124)
at org.testng.internal.Invoker.invokeMethod(Invoker.java:583)
at org.testng.internal.Invoker.invokeTestMethod(Invoker.java:719)
at org.testng.internal.Invoker.invokeTestMethods(Invoker.java:989)
at org.testng.internal.TestMethodWorker.invokeTestMethods(TestMethodWorker.java:125)
at org.testng.internal.TestMethodWorker.run(TestMethodWorker.java:109)
at org.testng.TestRunner.privateRun(TestRunner.java:648)
at org.testng.TestRunner.run(TestRunner.java:505)
at org.testng.SuiteRunner.runTest(SuiteRunner.java:455)
at org.testng.SuiteRunner.runSequentially(SuiteRunner.java:450)
at org.testng.SuiteRunner.privateRun(SuiteRunner.java:415)
at org.testng.SuiteRunner.run(SuiteRunner.java:364)
at org.testng.SuiteRunnerWorker.runSuite(SuiteRunnerWorker.java:52)
at org.testng.SuiteRunnerWorker.run(SuiteRunnerWorker.java:84)
at org.testng.TestNG.runSuitesSequentially(TestNG.java:1208)
at org.testng.TestNG.runSuitesSequentially(TestNG.java:1204)
at org.testng.TestNG.runSuitesLocally(TestNG.java:1137)
at org.testng.TestNG.runSuites(TestNG.java:1049)
at org.testng.TestNG.run(TestNG.java:1017)
at org.testng.remote.AbstractRemoteTestNG.run(AbstractRemoteTestNG.java:115)
at org.testng.remote.RemoteTestNG.initAndRun(RemoteTestNG.java:251)
at org.testng.remote.RemoteTestNG.main(RemoteTestNG.java:77)
]]>
            </full-stacktrace>
          </exception> <!-- org.testng.SkipException -->
          <reporter-output>
          </reporter-output>
        </test-method> <!-- openAccountTest -->
        <test-method status="SKIP" signature="openAccountTest(java.util.Hashtable)[pri:0, instance:com.w2a.suite.customer.test.OpenAccountTest@27efef64]" name="openAccountTest" duration-ms="72" started-at="2019-04-10T06:30:57Z" data-provider="customerTestDP" finished-at="2019-04-10T06:30:57Z">
          <params>
            <param index="0">
              <value>
                <![CDATA[{currency=Rupee, Runmode=N, customer=Neethu Singh}]]>
              </value>
            </param>
          </params>
          <exception class="org.testng.SkipException">
            <message>
              <![CDATA[Skipping the test OpenAccountTest as the Runmode of the Test Suite CustomerTestSuite is: No ]]>
            </message>
            <full-stacktrace>
              <![CDATA[org.testng.SkipException: Skipping the test OpenAccountTest as the Runmode of the Test Suite CustomerTestSuite is: No 
at com.w2a.utilities.DataUtil.checkExecution(DataUtil.java:15)
at com.w2a.suite.customer.test.OpenAccountTest.openAccountTest(OpenAccountTest.java:18)
at sun.reflect.NativeMethodAccessorImpl.invoke0(Native Method)
at sun.reflect.NativeMethodAccessorImpl.invoke(NativeMethodAccessorImpl.java:62)
at sun.reflect.DelegatingMethodAccessorImpl.invoke(DelegatingMethodAccessorImpl.java:43)
at java.lang.reflect.Method.invoke(Method.java:498)
at org.testng.internal.MethodInvocationHelper.invokeMethod(MethodInvocationHelper.java:124)
at org.testng.internal.Invoker.invokeMethod(Invoker.java:583)
at org.testng.internal.Invoker.invokeTestMethod(Invoker.java:719)
at org.testng.internal.Invoker.invokeTestMethods(Invoker.java:989)
at org.testng.internal.TestMethodWorker.invokeTestMethods(TestMethodWorker.java:125)
at org.testng.internal.TestMethodWorker.run(TestMethodWorker.java:109)
at org.testng.TestRunner.privateRun(TestRunner.java:648)
at org.testng.TestRunner.run(TestRunner.java:505)
at org.testng.SuiteRunner.runTest(SuiteRunner.java:455)
at org.testng.SuiteRunner.runSequentially(SuiteRunner.java:450)
at org.testng.SuiteRunner.privateRun(SuiteRunner.java:415)
at org.testng.SuiteRunner.run(SuiteRunner.java:364)
at org.testng.SuiteRunnerWorker.runSuite(SuiteRunnerWorker.java:52)
at org.testng.SuiteRunnerWorker.run(SuiteRunnerWorker.java:84)
at org.testng.TestNG.runSuitesSequentially(TestNG.java:1208)
at org.testng.TestNG.runSuitesSequentially(TestNG.java:1204)
at org.testng.TestNG.runSuitesLocally(TestNG.java:1137)
at org.testng.TestNG.runSuites(TestNG.java:1049)
at org.testng.TestNG.run(TestNG.java:1017)
at org.testng.remote.AbstractRemoteTestNG.run(AbstractRemoteTestNG.java:115)
at org.testng.remote.RemoteTestNG.initAndRun(RemoteTestNG.java:251)
at org.testng.remote.RemoteTestNG.main(RemoteTestNG.java:77)
]]>
            </full-stacktrace>
          </exception> <!-- org.testng.SkipException -->
          <reporter-output>
          </reporter-output>
        </test-method> <!-- openAccountTest -->
        <test-method status="SKIP" signature="openAccountTest(java.util.Hashtable)[pri:0, instance:com.w2a.suite.customer.test.OpenAccountTest@27efef64]" name="openAccountTest" duration-ms="54" started-at="2019-04-10T06:30:57Z" data-provider="customerTestDP" finished-at="2019-04-10T06:30:57Z">
          <params>
            <param index="0">
              <value>
                <![CDATA[{currency=Rupee, Runmode=Y, customer=Abhilash Garg}]]>
              </value>
            </param>
          </params>
          <exception class="org.testng.SkipException">
            <message>
              <![CDATA[Skipping the test OpenAccountTest as the Runmode of the Test Suite CustomerTestSuite is: No ]]>
            </message>
            <full-stacktrace>
              <![CDATA[org.testng.SkipException: Skipping the test OpenAccountTest as the Runmode of the Test Suite CustomerTestSuite is: No 
at com.w2a.utilities.DataUtil.checkExecution(DataUtil.java:15)
at com.w2a.suite.customer.test.OpenAccountTest.openAccountTest(OpenAccountTest.java:18)
at sun.reflect.NativeMethodAccessorImpl.invoke0(Native Method)
at sun.reflect.NativeMethodAccessorImpl.invoke(NativeMethodAccessorImpl.java:62)
at sun.reflect.DelegatingMethodAccessorImpl.invoke(DelegatingMethodAccessorImpl.java:43)
at java.lang.reflect.Method.invoke(Method.java:498)
at org.testng.internal.MethodInvocationHelper.invokeMethod(MethodInvocationHelper.java:124)
at org.testng.internal.Invoker.invokeMethod(Invoker.java:583)
at org.testng.internal.Invoker.invokeTestMethod(Invoker.java:719)
at org.testng.internal.Invoker.invokeTestMethods(Invoker.java:989)
at org.testng.internal.TestMethodWorker.invokeTestMethods(TestMethodWorker.java:125)
at org.testng.internal.TestMethodWorker.run(TestMethodWorker.java:109)
at org.testng.TestRunner.privateRun(TestRunner.java:648)
at org.testng.TestRunner.run(TestRunner.java:505)
at org.testng.SuiteRunner.runTest(SuiteRunner.java:455)
at org.testng.SuiteRunner.runSequentially(SuiteRunner.java:450)
at org.testng.SuiteRunner.privateRun(SuiteRunner.java:415)
at org.testng.SuiteRunner.run(SuiteRunner.java:364)
at org.testng.SuiteRunnerWorker.runSuite(SuiteRunnerWorker.java:52)
at org.testng.SuiteRunnerWorker.run(SuiteRunnerWorker.java:84)
at org.testng.TestNG.runSuitesSequentially(TestNG.java:1208)
at org.testng.TestNG.runSuitesSequentially(TestNG.java:1204)
at org.testng.TestNG.runSuitesLocally(TestNG.java:1137)
at org.testng.TestNG.runSuites(TestNG.java:1049)
at org.testng.TestNG.run(TestNG.java:1017)
at org.testng.remote.AbstractRemoteTestNG.run(AbstractRemoteTestNG.java:115)
at org.testng.remote.RemoteTestNG.initAndRun(RemoteTestNG.java:251)
at org.testng.remote.RemoteTestNG.main(RemoteTestNG.java:77)
]]>
            </full-stacktrace>
          </exception> <!-- org.testng.SkipException -->
          <reporter-output>
          </reporter-output>
        </test-method> <!-- openAccountTest -->
      </class> <!-- com.w2a.suite.customer.test.OpenAccountTest -->
    </test> <!-- Open Account Test -->
  </suite> <!-- Customer Test Suite -->
  <suite name="Master Test Suite" duration-ms="0" started-at="2019-04-10T06:30:57Z" finished-at="2019-04-10T06:30:57Z">
    <groups>
    </groups>
  </suite> <!-- Master Test Suite -->
</testng-results>
