<?xml version="1.0" encoding="UTF-8"?>
<!-- Generated by org.testng.reporters.JUnitXMLReporter -->
<testsuite hostname="DESKTOP-10URQEE" ignored="0" name="Add Customer Test" tests="4" failures="0" timestamp="10 Apr 2019 06:30:56 GMT" time="1.48" errors="0">
  <testcase name="addCustomerTest" time="0.152" classname="com.w2a.suite.bankmanager.test.AddCustomerTest"/>
  <testcase name="addCustomerTest" time="0.104" classname="com.w2a.suite.bankmanager.test.AddCustomerTest"/>
  <testcase name="addCustomerTest" time="0.09" classname="com.w2a.suite.bankmanager.test.AddCustomerTest"/>
  <testcase name="addCustomerTest" time="0.102" classname="com.w2a.suite.bankmanager.test.AddCustomerTest"/>
</testsuite> <!-- Add Customer Test -->
