<?xml version="1.0" encoding="UTF-8"?>
<!-- Generated by org.testng.reporters.JUnitXMLReporter -->
<testsuite hostname="DESKTOP-10URQEE" ignored="0" name="Open Account Test" tests="4" failures="0" timestamp="10 Apr 2019 06:30:56 GMT" time="0.467" errors="0">
  <testcase name="openAccountTest" time="0.077" classname="com.w2a.suite.bankmanager.test.OpenAccountTest"/>
  <testcase name="openAccountTest" time="0.12" classname="com.w2a.suite.bankmanager.test.OpenAccountTest"/>
  <testcase name="openAccountTest" time="0.083" classname="com.w2a.suite.bankmanager.test.OpenAccountTest"/>
  <testcase name="openAccountTest" time="0.073" classname="com.w2a.suite.bankmanager.test.OpenAccountTest"/>
</testsuite> <!-- Open Account Test -->
