<?xml version="1.0" encoding="UTF-8"?>
<!-- Generated by org.testng.reporters.JUnitXMLReporter -->
<testsuite hostname="DESKTOP-10URQEE" ignored="0" name="Zoho CRM Login Test" tests="1" failures="1" timestamp="20 Apr 2019 05:48:23 GMT" time="11.591" errors="0">
  <testcase name="loginTest" time="10.428" classname="com.w2a.testcases.LoginTest">
    <failure type="java.lang.AssertionError" message="Just a dummy failure!">
      <![CDATA[java.lang.AssertionError: Just a dummy failure!
at com.w2a.testcases.LoginTest.loginTest(LoginTest.java:23)
... Removed 26 stack frames]]>
    </failure>
  </testcase> <!-- loginTest -->
</testsuite> <!-- Zoho CRM Login Test -->
