<?xml version="1.0" encoding="UTF-8"?>
<!-- Generated by org.testng.reporters.JUnitXMLReporter -->
<testsuite hostname="DESKTOP-10URQEE" ignored="0" name="Add Customer Test" tests="4" failures="0" timestamp="10 Apr 2019 06:30:57 GMT" time="0.847" errors="0">
  <testcase name="addCustomerTest" time="0.243" classname="com.w2a.suite.customer.test.AddCustomerTest"/>
  <testcase name="addCustomerTest" time="0.222" classname="com.w2a.suite.customer.test.AddCustomerTest"/>
  <testcase name="addCustomerTest" time="0.174" classname="com.w2a.suite.customer.test.AddCustomerTest">
    <skipped/>
  </testcase> <!-- addCustomerTest -->
  <testcase name="addCustomerTest" time="0.087" classname="com.w2a.suite.customer.test.AddCustomerTest"/>
</testsuite> <!-- Add Customer Test -->
