<?xml version="1.0" encoding="UTF-8"?>
<!-- Generated by org.testng.reporters.JUnitXMLReporter -->
<testsuite hostname="DESKTOP-10URQEE" ignored="0" name="Open Account Test" tests="4" failures="0" timestamp="10 Apr 2019 06:30:57 GMT" time="0.335" errors="0">
  <testcase name="openAccountTest" time="0.075" classname="com.w2a.suite.customer.test.OpenAccountTest">
    <skipped/>
  </testcase> <!-- openAccountTest -->
  <testcase name="openAccountTest" time="0.077" classname="com.w2a.suite.customer.test.OpenAccountTest">
    <skipped/>
  </testcase> <!-- openAccountTest -->
  <testcase name="openAccountTest" time="0.072" classname="com.w2a.suite.customer.test.OpenAccountTest">
    <skipped/>
  </testcase> <!-- openAccountTest -->
  <testcase name="openAccountTest" time="0.054" classname="com.w2a.suite.customer.test.OpenAccountTest">
    <skipped/>
  </testcase> <!-- openAccountTest -->
</testsuite> <!-- Open Account Test -->
