<?xml version="1.0" encoding="UTF-8"?>
<!-- Generated by org.testng.reporters.JUnitXMLReporter -->
<testsuite hostname="DESKTOP-10URQEE" ignored="0" name="Default test" tests="10" failures="0" timestamp="10 Apr 2019 20:06:57 GMT" time="134.61" errors="0">
  <testcase name="addCustomerTest" time="50.212" classname="com.w2a.suite.bankmanager.test.AddCustomerTest"/>
  <testcase name="addCustomerTest" time="50.572" classname="com.w2a.suite.bankmanager.test.AddCustomerTest"/>
  <testcase name="addCustomerTest" time="59.491" classname="com.w2a.suite.bankmanager.test.AddCustomerTest"/>
  <testcase name="addCustomerTest" time="68.512" classname="com.w2a.suite.bankmanager.test.AddCustomerTest"/>
  <testcase name="addCustomerTest" time="70.525" classname="com.w2a.suite.bankmanager.test.AddCustomerTest"/>
  <testcase name="addCustomerTest" time="77.618" classname="com.w2a.suite.bankmanager.test.AddCustomerTest"/>
  <testcase name="addCustomerTest" time="87.367" classname="com.w2a.suite.bankmanager.test.AddCustomerTest"/>
  <testcase name="addCustomerTest" time="91.456" classname="com.w2a.suite.bankmanager.test.AddCustomerTest"/>
  <testcase name="addCustomerTest" time="110.921" classname="com.w2a.suite.bankmanager.test.AddCustomerTest"/>
  <testcase name="addCustomerTest" time="131.695" classname="com.w2a.suite.bankmanager.test.AddCustomerTest"/>
</testsuite> <!-- Default test -->
